[2018-04-18 20:59:39,143] Function main was called by %(module)s
[2018-04-18 20:59:39,144] Function cli_handler was called by %(module)s
[2018-04-18 20:59:39,146] Function __init__ was called by %(module)s
[2018-04-18 20:59:39,146] Function __init__ was called by %(module)s
[2018-04-18 20:59:39,163] Function accept_ was called by %(module)s
[2018-04-18 21:02:36,367] Function main was called by %(module)s
[2018-04-18 21:02:36,367] Function cli_handler was called by %(module)s
[2018-04-18 21:02:36,369] Function __init__ was called by %(module)s
[2018-04-18 21:02:36,370] Function __init__ was called by %(module)s
[2018-04-18 21:02:50,382] Function main was called by %(module)s
[2018-04-18 21:02:50,383] Function cli_handler was called by %(module)s
[2018-04-18 21:02:50,385] Function __init__ was called by %(module)s
[2018-04-18 21:02:50,385] Function __init__ was called by %(module)s
[2018-04-18 21:02:50,386] Function accept_ was called by %(module)s
[2018-04-18 21:02:56,837] Function main was called by %(module)s
[2018-04-18 21:02:56,837] Function cli_handler was called by %(module)s
[2018-04-18 21:02:56,839] Function __init__ was called by %(module)s
[2018-04-18 21:02:56,839] Function __init__ was called by %(module)s
[2018-04-18 21:02:56,841] Function send_ was called by %(module)s
[2018-04-18 21:02:56,841] Function recv_ was called by %(module)s
[2018-04-18 21:21:03,479] Function main was called by %(module)s
[2018-04-18 21:21:03,479] Function cli_handler was called by %(module)s
[2018-04-18 21:21:03,479] Function __init__ was called by %(module)s
[2018-04-18 21:21:03,479] Function __init__ was called by %(module)s
[2018-04-18 21:21:03,479] Function accept_ was called by %(module)s
[2018-04-18 21:21:11,013] Function main was called by %(module)s
[2018-04-18 21:21:11,013] Function cli_handler was called by %(module)s
[2018-04-18 21:21:11,013] Function __init__ was called by %(module)s
[2018-04-18 21:21:11,013] Function __init__ was called by %(module)s
[2018-04-18 21:21:11,029] Function send_ was called by %(module)s
[2018-04-18 21:21:11,029] Function recv_ was called by %(module)s
[2018-05-13 20:10:42,295] Function main was called by %(module)s
[2018-05-13 20:10:42,296] Function cli_handler was called by %(module)s
[2018-05-13 20:10:42,298] Function __init__ was called by %(module)s
[2018-05-13 20:10:42,298] Function __init__ was called by %(module)s
[2018-05-13 20:10:42,300] Function __exit__ was called by %(module)s
[2018-05-13 20:10:56,634] Function main was called by %(module)s
[2018-05-13 20:10:56,634] Function cli_handler was called by %(module)s
[2018-05-13 20:10:56,636] Function __init__ was called by %(module)s
[2018-05-13 20:10:56,636] Function __init__ was called by %(module)s
[2018-05-13 20:10:56,638] Function __exit__ was called by %(module)s
[2018-05-13 20:12:15,293] Function main was called by %(module)s
[2018-05-13 20:12:15,293] Function cli_handler was called by %(module)s
[2018-05-13 20:12:15,295] Function __init__ was called by %(module)s
[2018-05-13 20:12:15,295] Function __init__ was called by %(module)s
[2018-05-13 20:12:15,329] Function __exit__ was called by %(module)s
[2018-05-16 00:05:00,292] Function main was called by %(module)s
[2018-05-16 00:05:00,293] Function cli_handler was called by %(module)s
[2018-05-17 10:02:32,745] Function cli_handler was called by %(module)s
[2018-05-17 10:02:43,827] Function cli_handler was called by %(module)s
[2018-05-17 10:03:09,825] Function cli_handler was called by %(module)s
[2018-05-17 10:10:56,241] Function cli_handler was called by %(module)s
[2018-05-17 10:11:00,190] Function cli_handler was called by %(module)s
[2018-05-17 10:11:05,976] Function cli_handler was called by %(module)s
[2018-05-17 11:56:25,127] Function cli_handler was called by %(module)s
[2018-05-17 11:56:30,443] Function cli_handler was called by %(module)s
[2018-05-17 11:57:46,786] Function cli_handler was called by %(module)s
[2018-05-17 11:57:48,967] Function cli_handler was called by %(module)s
[2018-05-17 11:57:57,410] Function cli_handler was called by %(module)s
[2018-05-17 11:58:50,690] Function cli_handler was called by %(module)s
[2018-05-17 11:58:53,727] Function cli_handler was called by %(module)s
[2018-05-17 12:00:37,728] Function cli_handler was called by %(module)s
[2018-05-17 12:00:40,654] Function cli_handler was called by %(module)s
[2018-05-17 12:02:24,553] Function cli_handler was called by %(module)s
[2018-05-17 12:02:32,112] Function cli_handler was called by %(module)s
[2018-05-17 12:05:06,145] Function cli_handler was called by %(module)s
[2018-05-17 12:05:09,979] Function cli_handler was called by %(module)s
[2018-05-17 12:05:45,875] Function cli_handler was called by %(module)s
[2018-05-17 12:05:50,800] Function cli_handler was called by %(module)s
[2018-05-17 12:06:25,870] Function cli_handler was called by %(module)s
[2018-05-17 12:06:30,081] Function cli_handler was called by %(module)s
[2018-05-17 12:06:42,226] Function cli_handler was called by %(module)s
[2018-05-17 12:08:15,033] Function cli_handler was called by %(module)s
[2018-05-17 12:08:18,786] Function cli_handler was called by %(module)s
[2018-05-17 12:08:30,979] Function cli_handler was called by %(module)s
[2018-05-17 12:26:53,508] Function cli_handler was called by %(module)s
[2018-05-17 12:26:58,923] Function cli_handler was called by %(module)s
[2018-05-17 12:27:06,395] Function cli_handler was called by %(module)s
[2018-05-17 12:27:46,354] Function cli_handler was called by %(module)s
[2018-05-17 12:27:51,187] Function cli_handler was called by %(module)s
[2018-05-17 12:30:07,552] Function cli_handler was called by %(module)s
[2018-05-17 12:30:11,524] Function cli_handler was called by %(module)s
[2018-05-17 12:54:16,096] Function cli_handler was called by %(module)s
[2018-05-17 12:54:21,395] Function cli_handler was called by %(module)s
[2018-05-17 12:54:25,001] Function cli_handler was called by %(module)s
[2018-05-17 12:54:29,327] Function cli_handler was called by %(module)s
[2018-05-17 12:57:22,220] Function cli_handler was called by %(module)s
[2018-05-17 12:57:28,318] Function cli_handler was called by %(module)s
[2018-05-17 12:57:44,147] Function cli_handler was called by %(module)s
[2018-05-17 12:59:35,620] Function cli_handler was called by %(module)s
[2018-05-17 12:59:38,329] Function cli_handler was called by %(module)s
[2018-05-17 12:59:49,286] Function cli_handler was called by %(module)s
[2018-05-17 15:12:30,974] Function main was called by %(module)s
[2018-05-17 15:12:30,974] Function cli_handler was called by %(module)s
